


ARM Macro Assembler    Page 1 


    1 00000000                 AREA             kalman, CODE, READONLY
    2 00000000                 EXPORT           kalmanfilterasm
    3 00000000         
    4 00000000         kalmanfilterasm
    5 00000000         
    6 00000000         ;POINTER TO THE INPUT DATA ARRAY        -> R0
    7 00000000         ;POINTER TO THE FILTERED DATA ARRAT      -> R1
    8 00000000         ;ARRAYS LENGTH                 -> R2
    9 00000000         ;POINTER TO THE KALMAN FILTER STATE (STRUCT) -> R3
   10 00000000         ;LOOP COUNTER                 -> R4
   11 00000000         
   12 00000000 E92D 1FF0       PUSH             {R4-R12}
   13 00000004 F04F 0400       MOV              R4, #0
   14 00000008         
   15 00000008         INITIAL
   16 00000008 F103 0500       ADD              R5, R3, #0  ;SET ADRESS x
   17 0000000C ED95 0A00       VLDR.F32         S0, [R5]    ;SET INITIAL CONDIT
                                                            ION x
   18 00000010 F103 0510       ADD              R5, R3, #16 ;SET ADRESS p
   19 00000014 EDD5 0A00       VLDR.F32         S1, [R5]    ;SET INITIAL CONDIT
                                                            ION p
   20 00000018 F103 0504       ADD              R5, R3, #4  ;SET ADRESS k
   21 0000001C ED95 1A00       VLDR.F32         S2, [R5]    ;SET INITIAL CONDIT
                                                            ION k
   22 00000020 F103 0508       ADD              R5, R3, #8  ;SET ADRESS q
   23 00000024 ED95 2A00       VLDR.F32         S4, [R5]    ;SET INITIAL CONDIT
                                                            ION q
   24 00000028 F103 050C       ADD              R5, R3, #12 ;SET ADRESS r
   25 0000002C EDD5 2A00       VLDR.F32         S5, [R5]    ;SET INITIAL CONDIT
                                                            ION r
   26 00000030 F103 0514       ADD              R5, R3, #20 ;SET ADRESS f
   27 00000034 ED95 3A00       VLDR.F32         S6, [R5]    ;SET INITIAL CONDIT
                                                            ION f
   28 00000038 F103 0518       ADD              R5, R3, #24 ;SET ADRESS h
   29 0000003C EDD5 3A00       VLDR.F32         S7, [R5]    ;SET INITIAL CONDIT
                                                            ION h
   30 00000040 EEB7 4A00       VLDR.F32         S8, =1.0    ;STORING CONSTANT 1
                                                            
   31 00000044         
   32 00000044         INPUT
   33 00000044 EB00 0584       ADD              R5, R0, R4, LSL #2
   34 00000048 EDD5 1A00       VLDR.F32         S3, [R5]    ;LOADING INPUT ARRA
                                                            Y
   35 0000004C         
   36 0000004C         PREDICTION
   37 0000004C EE20 0A03       VMUL.F32         S0, S0, S6  ;x = fx
   38 00000050 EE23 5A03       VMUL.F32         S10, S6, S6 ;f^2
   39 00000054 EE60 5A85       VMUL.F32         S11, S1, S10 ;p*f^2
   40 00000058 EE75 0A82       VADD.F32         S1, S11, S4 ;NEW pK|K-1
   41 0000005C         
   42 0000005C         UPDATE
   43 0000005C EE60 4AA3       VMUL.F32         S9, S1, S7  ;ph
   44 00000060 EE24 5AA3       VMUL.F32         S10, S9, S7 ;ph^2
   45 00000064 EE75 5A22       VADD.F32         S11, S10, S5 ;ph^2+r
   46 00000068 EE84 1AA5       VDIV.F32         S2, S9, S11 ;NEW k
   47 0000006C         
   48 0000006C EE61 4A63       VNMUL.F32        S9, S2, S7  ;-k_old*h
   49 00000070 EE34 5A24       VADD.F32         S10, S8, S9 ;1-kh
   50 00000074 EE60 0A85       VMUL.F32         S1, S1, S10 ;NEW pK|K



ARM Macro Assembler    Page 2 


   51 00000078         
   52 00000078 EE63 4AC0       VNMUL.F32        S9, S7, S0  ;-hx
   53 0000007C EE31 5AA4       VADD.F32         S10, S3, S9 ;z-hx
   54 00000080 EE61 5A05       VMUL.F32         S11, S2, S10 ;k_OLD(z-hx)
   55 00000084 EE30 0A25       VADD.F32         S0, S0, S11 ;NEW xK|K
   56 00000088         ;VMOV.F32 S2, S12      ;MOVE NEW k TO OLD k
   57 00000088         
   58 00000088         OUPUT
   59 00000088 EB01 0584       ADD              R5, R1, R4, LSL #2
   60 0000008C ED85 0A00       VSTR.f32         S0, [R5]    ;UNLOADING OUTPUT A
                                                            RRAY
   61 00000090         
   62 00000090 1C64            ADDS             R4, R4, #1
   63 00000092 4294            CMP              R4, R2
   64 00000094 DBD6            BLT              INPUT
   65 00000096         
   66 00000096 E8BD 1FF0       POP              {R4-R12}
   67 0000009A 4770            BX               LR
   68 0000009C         
   69 0000009C                 END
Command Line: --debug --xref --diag_suppress=9931 --cpu=Cortex-M4.fp --apcs=int
erwork --depend=.\objects\assembly.d -o.\objects\assembly.o -I"F:\Micro P\Lab1_
STM32F4Cube_Base_project\RTE" -IC:\Keil_v5\ARM\PACK\ARM\CMSIS\5.0.0-Beta4\CMSIS
\Include -IC:\Keil_v5\ARM\PACK\Keil\STM32F4xx_DFP\2.9.0\Drivers\CMSIS\Device\ST
\STM32F4xx\Include --predefine="__UVISION_VERSION SETA 515" --predefine="_RTE_ 
SETA 1" --predefine="STM32F407xx SETA 1" --list=.\listings\assembly.lst Sources
\Assembly.s



ARM Macro Assembler    Page 1 Alphabetic symbol ordering
Relocatable symbols

INITIAL 00000008

Symbol: INITIAL
   Definitions
      At line 15 in file Sources\Assembly.s
   Uses
      None
Comment: INITIAL unused
INPUT 00000044

Symbol: INPUT
   Definitions
      At line 32 in file Sources\Assembly.s
   Uses
      At line 64 in file Sources\Assembly.s
Comment: INPUT used once
OUPUT 00000088

Symbol: OUPUT
   Definitions
      At line 58 in file Sources\Assembly.s
   Uses
      None
Comment: OUPUT unused
PREDICTION 0000004C

Symbol: PREDICTION
   Definitions
      At line 36 in file Sources\Assembly.s
   Uses
      None
Comment: PREDICTION unused
UPDATE 0000005C

Symbol: UPDATE
   Definitions
      At line 42 in file Sources\Assembly.s
   Uses
      None
Comment: UPDATE unused
kalman 00000000

Symbol: kalman
   Definitions
      At line 1 in file Sources\Assembly.s
   Uses
      None
Comment: kalman unused
kalmanfilterasm 00000000

Symbol: kalmanfilterasm
   Definitions
      At line 4 in file Sources\Assembly.s
   Uses
      At line 2 in file Sources\Assembly.s
Comment: kalmanfilterasm used once
7 symbols
341 symbols in table
